<?xml version="1.0" encoding="UTF-8"?>
<!-- Generated by org.testng.reporters.JUnitReportReporter -->
<testsuite name="com.xp.test.http.ddt.TestNGCSVDatas" tests="2" time="3.520" ignored="0" failures="0" timestamp="08 十二月 2020 13:13:22 GMT" skipped="0" hostname="DESKTOP-TJK6KB0" errors="0">
  <testcase name="testDataDrivenByCSVFile" time="1.113" classname="com.xp.test.http.ddt.TestNGCSVDatas"/>
  <testcase name="testDataDrivenByCSVFile" time="2.407" classname="com.xp.test.http.ddt.TestNGCSVDatas"/>
</testsuite> <!-- com.xp.test.http.ddt.TestNGCSVDatas -->
