<?xml version="1.0" encoding="UTF-8"?>
<!-- Generated by org.testng.reporters.JUnitReportReporter -->
<testsuite name="com.xp.test.http.ddt.Test_Param" tests="2" time="2.384" ignored="0" failures="0" timestamp="08 十二月 2020 02:33:52 GMT" skipped="0" hostname="DESKTOP-TJK6KB0" errors="0">
  <testcase name="testMethod" time="0.005" classname="com.xp.test.http.ddt.Test_Param"/>
  <testcase name="test_param" time="2.379" classname="com.xp.test.http.ddt.Test_Param"/>
</testsuite> <!-- com.xp.test.http.ddt.Test_Param -->
