<?xml version="1.0" encoding="UTF-8"?>
<!-- Generated by org.testng.reporters.JUnitReportReporter -->
<testsuite name="com.xp.test.http.ddt.TestNGExcelDatas" tests="2" time="9.564" ignored="0" failures="0" timestamp="08 十二月 2020 14:56:00 GMT" skipped="0" hostname="Win7-2019KAPYBZ" errors="0">
  <testcase name="testDataDrivenByExcelFile" time="3.061" classname="com.xp.test.http.ddt.TestNGExcelDatas"/>
  <testcase name="testDataDrivenByExcelFile" time="6.503" classname="com.xp.test.http.ddt.TestNGExcelDatas"/>
</testsuite> <!-- com.xp.test.http.ddt.TestNGExcelDatas -->
