<?xml version="1.0" encoding="UTF-8"?>
<!-- Generated by org.testng.reporters.JUnitReportReporter -->
<testsuite name="com.xp.test.http.ddt.DataProviderByMySQL" tests="7" time="0.012" ignored="0" failures="0" timestamp="09 十二月 2020 02:31:23 GMT" skipped="0" hostname="DESKTOP-TJK6KB0" errors="0">
  <testcase name="testDataDrivenByMysqlDatabase" time="0.001" classname="com.xp.test.http.ddt.DataProviderByMySQL"/>
  <testcase name="testDataDrivenByMysqlDatabase" time="0.006" classname="com.xp.test.http.ddt.DataProviderByMySQL"/>
  <testcase name="testDataDrivenByMysqlDatabase" time="0.001" classname="com.xp.test.http.ddt.DataProviderByMySQL"/>
  <testcase name="testDataDrivenByMysqlDatabase" time="0.001" classname="com.xp.test.http.ddt.DataProviderByMySQL"/>
  <testcase name="testDataDrivenByMysqlDatabase" time="0.001" classname="com.xp.test.http.ddt.DataProviderByMySQL"/>
  <testcase name="testDataDrivenByMysqlDatabase" time="0.001" classname="com.xp.test.http.ddt.DataProviderByMySQL"/>
  <testcase name="testDataDrivenByMysqlDatabase" time="0.001" classname="com.xp.test.http.ddt.DataProviderByMySQL"/>
</testsuite> <!-- com.xp.test.http.ddt.DataProviderByMySQL -->
