<?xml version="1.0" encoding="UTF-8"?>
<!-- Generated by org.testng.reporters.JUnitReportReporter -->
<testsuite name="com.xp.test.http.restClient.PostApiTest" tests="1" time="2.380" ignored="0" failures="0" timestamp="09 十二月 2020 02:44:25 GMT" skipped="0" hostname="DESKTOP-TJK6KB0" errors="0">
  <testcase name="test_postApi" time="2.380" classname="com.xp.test.http.restClient.PostApiTest"/>
</testsuite> <!-- com.xp.test.http.restClient.PostApiTest -->
