<?xml version="1.0" encoding="UTF-8"?>
<!-- Generated by org.testng.reporters.JUnitReportReporter -->
<testsuite name="com.xp.test.interfaceT.AppTest" tests="1" time="0.011" ignored="0" failures="0" timestamp="15 十一月 2020 13:40:31 GMT" skipped="0" hostname="Win7-2019KAPYBZ" errors="0">
  <testcase name="shouldAnswerWithTrue" time="0.011" classname="com.xp.test.interfaceT.AppTest"/>
</testsuite> <!-- com.xp.test.interfaceT.AppTest -->
