<?xml version="1.0" encoding="UTF-8"?>
<!-- Generated by org.testng.reporters.JUnitReportReporter -->
<testsuite name="com.xp.test.http.ddt.HttpRequestDemo" tests="2" time="2.396" ignored="0" failures="0" timestamp="09 Dec 2020 05:01:26 GMT" skipped="0" hostname="DESKTOP-TJK6KB0" errors="0">
  <testcase name="test_login" time="2.394" classname="com.xp.test.http.ddt.HttpRequestDemo"/>
  <testcase name="test_method" time="0.002" classname="com.xp.test.http.ddt.HttpRequestDemo"/>
</testsuite> <!-- com.xp.test.http.ddt.HttpRequestDemo -->
