<?xml version="1.0" encoding="UTF-8"?>
<!-- Generated by org.testng.reporters.JUnitReportReporter -->
<testsuite name="com.xp.test.boot.controller.LoginControllerTest" tests="1" time="0.059" ignored="0" failures="0" timestamp="08 十二月 2020 01:28:17 GMT" skipped="0" hostname="DESKTOP-TJK6KB0" errors="0">
  <testcase name="shouldAnswerWithTrue" time="0.059" classname="com.xp.test.boot.controller.LoginControllerTest"/>
</testsuite> <!-- com.xp.test.boot.controller.LoginControllerTest -->
