<?xml version="1.0" encoding="UTF-8"?>
<!-- Generated by org.testng.reporters.JUnitReportReporter -->
<testsuite name="com.xp.test.http.ddt.TestNGExcelDatas" tests="1" time="0.000" ignored="0" failures="0" timestamp="08 十二月 2020 13:51:24 GMT" skipped="1" hostname="DESKTOP-TJK6KB0" errors="0">
  <testcase name="testDataDrivenByExcelFile" time="0.000" classname="com.xp.test.http.ddt.TestNGExcelDatas">
    <skipped/>
  </testcase> <!-- testDataDrivenByExcelFile -->
</testsuite> <!-- com.xp.test.http.ddt.TestNGExcelDatas -->
