<?xml version="1.0" encoding="UTF-8"?>
<!-- Generated by org.testng.reporters.JUnitReportReporter -->
<testsuite name="com.xp.test.http.restClient.PostApiTest" tests="1" time="2.000" ignored="0" failures="0" timestamp="09 Dec 2020 05:01:26 GMT" skipped="0" hostname="DESKTOP-TJK6KB0" errors="0">
  <testcase name="test_postApi" time="2.000" classname="com.xp.test.http.restClient.PostApiTest"/>
</testsuite> <!-- com.xp.test.http.restClient.PostApiTest -->
